#
# A fatal error has been detected by the Java Runtime Environment:
#
#  EXCEPTION_ACCESS_VIOLATION (0xc0000005) at pc=0x00007ff9a2381a70, pid=13224, tid=19544
#
# JRE version: OpenJDK Runtime Environment (16.0.1+9) (build 16.0.1+9-24)
# Java VM: OpenJDK 64-Bit Server VM (16.0.1+9-24, mixed mode, sharing, tiered, compressed oops, compressed class ptrs, g1 gc, windows-amd64)
# Problematic frame:
# C  0x00007ff9a2381a70
#
# No core dump will be written. Minidumps are not enabled by default on client versions of Windows
#
# If you would like to submit a bug report, please visit:
#   https://bugreport.java.com/bugreport/crash.jsp
# The crash happened outside the Java Virtual Machine in native code.
# See problematic frame for where to report the bug.
#

---------------  S U M M A R Y ------------

Command Line: -Djava.library.path=libs --add-modules=javafx.controls,javafx.fxml,javafx.swing --module-path=C:\Users\Gabriel Pizarro\.gradle\caches\modules-2\files-2.1\org.openjfx\javafx-fxml\16\369f646fc29d2223cc98cfc3c059f2409b3e8fcb\javafx-fxml-16-win.jar;C:\Users\Gabriel Pizarro\.gradle\caches\modules-2\files-2.1\org.openjfx\javafx-controls\16\65cdeae29c67d25932dcc66ca4f7d269923631ba\javafx-controls-16-win.jar;C:\Users\Gabriel Pizarro\.gradle\caches\modules-2\files-2.1\org.openjfx\javafx-swing\16\a7fea813dbe22b235a6350f0ce419d72877236ae\javafx-swing-16-win.jar;C:\Users\Gabriel Pizarro\.gradle\caches\modules-2\files-2.1\org.openjfx\javafx-graphics\16\cd18f8477818b40cfdbcfec7e2fc15f632f0a2f\javafx-graphics-16-win.jar;C:\Users\Gabriel Pizarro\.gradle\caches\modules-2\files-2.1\org.openjfx\javafx-base\16\e0564fea3f27dd3a10fa62e5005612333fc244bc\javafx-base-16-win.jar -Dfile.encoding=windows-1252 -Duser.country=US -Duser.language=en -Duser.variant net.javaman.flowkey.FlowKeyApplication

Host: AMD Ryzen 5 1600 Six-Core Processor            , 12 cores, 15G,  Windows 10 , 64 bit Build 19041 (10.0.19041.1023)
Time: Sat Jul 17 07:49:57 2021 Pacific Daylight Time elapsed time: 130.064682 seconds (0d 0h 2m 10s)

---------------  T H R E A D  ---------------

Current thread (0x0000024f87e7b960):  JavaThread "pool-2-thread-1" [_thread_in_native, id=19544, stack(0x000000ba1dc40000,0x000000ba1dd40000)]

Stack: [0x000000ba1dc40000,0x000000ba1dd40000],  sp=0x000000ba1dd3ea98,  free space=1018k
Native frames: (J=compiled Java code, j=interpreted, Vv=VM code, C=native code)
C  0x00007ff9a2381a70

Java frames: (J=compiled Java code, j=interpreted, Vv=VM code)
J 5198  org.jocl.CL.clCreateBufferNative(Lorg/jocl/cl_context;JJLorg/jocl/Pointer;[I)Lorg/jocl/cl_mem; (0 bytes) @ 0x0000024fd7dd2c5f [0x0000024fd7dd2bc0+0x000000000000009f]
j  org.jocl.CL.clCreateBuffer(Lorg/jocl/cl_context;JJLorg/jocl/Pointer;[I)Lorg/jocl/cl_mem;+23
j  net.javaman.flowkey.hardwareapis.opencl.OpenClApi.allocMem(Lorg/jocl/Pointer;Lnet/javaman/flowkey/hardwareapis/opencl/OpenClApi$Companion$ClMemOperation;I)Lorg/jocl/cl_mem;+19
J 5845 c1 net.javaman.flowkey.hardwareapis.opencl.OpenClInitialComparisonFilter.apply([B)[B (668 bytes) @ 0x0000024fd1214474 [0x0000024fd12133e0+0x0000000000001094]
J 6318 c1 net.javaman.flowkey.stages.StageController.onFrame(Lorg/opencv/core/Mat;)V (506 bytes) @ 0x0000024fd0b6bc94 [0x0000024fd0b69d80+0x0000000000001f14]
J 6111 c1 net.javaman.flowkey.util.Camera$$Lambda$805+0x0000000800efd220.run()V (8 bytes) @ 0x0000024fd093d0e4 [0x0000024fd093cac0+0x0000000000000624]
J 6525 c2 java.util.concurrent.Executors$RunnableAdapter.call()Ljava/lang/Object; java.base@16.0.1 (14 bytes) @ 0x0000024fd7ea02ec [0x0000024fd7ea02a0+0x000000000000004c]
J 6110 c1 java.util.concurrent.FutureTask.run()V java.base@16.0.1 (123 bytes) @ 0x0000024fd0affec4 [0x0000024fd0aff680+0x0000000000000844]
j  java.util.concurrent.ThreadPoolExecutor.runWorker(Ljava/util/concurrent/ThreadPoolExecutor$Worker;)V+92 java.base@16.0.1
j  java.util.concurrent.ThreadPoolExecutor$Worker.run()V+5 java.base@16.0.1
j  java.lang.Thread.run()V+11 java.base@16.0.1
v  ~StubRoutines::call_stub

siginfo: EXCEPTION_ACCESS_VIOLATION (0xc0000005), reading address 0xffffffffffffffff


Register to memory mapping:

RIP=0x00007ff9a2381a70 points into unknown readable memory: 0xcccccccc7062ff49 | 49 ff 62 70 cc cc cc cc
RAX=0x000000ba1dd3ead0 is pointing into the stack for thread: 0x0000024f87e7b960
RBX=0x0000024f87e7bc70 points into unknown readable memory: 0x00007ff955e233d0 | d0 33 e2 55 f9 7f 00 00
RCX=0x0000024fed9096b0 points into unknown readable memory: 0x0000024fee33d530 | 30 d5 33 ee 4f 02 00 00
RDX=0x000000000000000c is an unknown value
RSP=0x000000ba1dd3ea98 is pointing into the stack for thread: 0x0000024f87e7b960
RBP=0x000000000000000c is an unknown value
RSI=0x000000ba1dd3eb28 is pointing into the stack for thread: 0x0000024f87e7b960
RDI=0x0000024fed9096b0 points into unknown readable memory: 0x0000024fee33d530 | 30 d5 33 ee 4f 02 00 00
R8 =0x0 is NULL
R9 =0x00000007ffe041f0 is an oop: java.util.ArrayList$Itr 
{0x00000007ffe041f0} - klass: 'java/util/ArrayList$Itr'
R10=0x0000024f87884e20 points into unknown readable memory: 0x0000024f8762a5c0 | c0 a5 62 87 4f 02 00 00
R11=0x000000ba1dd3e9e0 is pointing into the stack for thread: 0x0000024f87e7b960
R12=0x0 is NULL
R13=0x000000ba1dd3eb88 is pointing into the stack for thread: 0x0000024f87e7b960
R14=0x000000ba1dd3eb58 is pointing into the stack for thread: 0x0000024f87e7b960
R15=0x0000024f87e7b960 is a thread


Registers:
RAX=0x000000ba1dd3ead0, RBX=0x0000024f87e7bc70, RCX=0x0000024fed9096b0, RDX=0x000000000000000c
RSP=0x000000ba1dd3ea98, RBP=0x000000000000000c, RSI=0x000000ba1dd3eb28, RDI=0x0000024fed9096b0
R8 =0x0000000000000000, R9 =0x00000007ffe041f0, R10=0x0000024f87884e20, R11=0x000000ba1dd3e9e0
R12=0x0000000000000000, R13=0x000000ba1dd3eb88, R14=0x000000ba1dd3eb58, R15=0x0000024f87e7b960
RIP=0x00007ff9a2381a70, EFLAGS=0x0000000000010202

Top of Stack: (sp=0x000000ba1dd3ea98)
0x000000ba1dd3ea98:   00007ff9a890402e 000000ba1dd3eb28
0x000000ba1dd3eaa8:   00007ff9a8923ea0 000000ba1dd3eb00
0x000000ba1dd3eab8:   000000000000000c 000000ba1dd3ead0
0x000000ba1dd3eac8:   0000024f87e7b960 0000000800000000
0x000000ba1dd3ead8:   0000024f87e6e4e0 00000007ffe04498
0x000000ba1dd3eae8:   0000024fd7dd2cff 00000007ffe04258
0x000000ba1dd3eaf8:   0000024fecabb4f8 000000ba1dd3eb70
0x000000ba1dd3eb08:   0000000000000003 0000000000000000
0x000000ba1dd3eb18:   000000ba1dd3eb40 000000ba1dd3eb48
0x000000ba1dd3eb28:   000000070420bee0 000000076e024180
0x000000ba1dd3eb38:   0000024fd0681e8c 00000007ffe04258
0x000000ba1dd3eb48:   00000007ffe04498 0000000000000000
0x000000ba1dd3eb58:   00000007042471d0 0000024f87e7b960
0x000000ba1dd3eb68:   000000ba1dd3ec08 000000ba1dd3ec08
0x000000ba1dd3eb78:   0000024fd002966b 0000024fd002966b
0x000000ba1dd3eb88:   00000007ffe04498 00000007ffe04258 

Instructions: (pc=0x00007ff9a2381a70)
0x00007ff9a2381970:   d5 48 89 44 24 20 48 8b cb 41 ff 52 28 eb 12 48
0x00007ff9a2381980:   8b 44 24 60 48 85 c0 74 06 c7 00 e0 ff ff ff 33
0x00007ff9a2381990:   c0 48 8b 5c 24 40 48 8b 6c 24 48 48 8b 74 24 50
0x00007ff9a23819a0:   48 83 c4 30 5f c3 cc cc cc cc cc cc cc cc cc cc
0x00007ff9a23819b0:   48 85 c9 75 04 8d 41 de c3 48 8b 01 48 ff 60 30
0x00007ff9a23819c0:   48 85 c9 75 04 8d 41 de c3 48 8b 01 48 ff 60 38
0x00007ff9a23819d0:   48 85 c9 75 04 8d 41 de c3 4c 8b 11 49 ff 62 40
0x00007ff9a23819e0:   48 85 c9 75 04 8d 41 de c3 48 8b 01 48 ff a0 a0
0x00007ff9a23819f0:   04 00 00 cc cc cc cc cc cc cc cc cc cc cc cc cc
0x00007ff9a2381a00:   48 85 c9 75 0f 4d 85 c9 74 07 41 c7 01 de ff ff
0x00007ff9a2381a10:   ff 33 c0 c3 48 8b 01 48 ff 60 48 cc cc cc cc cc
0x00007ff9a2381a20:   48 85 c9 75 04 8d 41 dc c3 48 8b 01 48 ff 60 50
0x00007ff9a2381a30:   48 85 c9 75 04 8d 41 dc c3 48 8b 01 48 ff 60 58
0x00007ff9a2381a40:   48 85 c9 75 04 8d 41 dc c3 4c 8b 11 49 ff 62 60
0x00007ff9a2381a50:   48 8b 44 24 28 48 85 c9 75 0e 48 85 c0 74 06 c7
0x00007ff9a2381a60:   00 de ff ff ff 33 c0 c3 4c 8b 11 48 89 44 24 28
0x00007ff9a2381a70:   49 ff 62 70 cc cc cc cc cc cc cc cc cc cc cc cc
0x00007ff9a2381a80:   48 8b 44 24 30 48 85 c9 75 0e 48 85 c0 74 06 c7
0x00007ff9a2381a90:   00 de ff ff ff 33 c0 c3 4c 8b 11 48 89 44 24 30
0x00007ff9a2381aa0:   49 ff a2 00 03 00 00 cc cc cc cc cc cc cc cc cc
0x00007ff9a2381ab0:   48 8b 44 24 30 48 85 c9 75 0e 48 85 c0 74 06 c7
0x00007ff9a2381ac0:   00 de ff ff ff 33 c0 c3 4c 8b 11 48 89 44 24 30
0x00007ff9a2381ad0:   49 ff a2 90 04 00 00 cc cc cc cc cc cc cc cc cc
0x00007ff9a2381ae0:   48 8b 44 24 38 48 85 c9 75 0e 48 85 c0 74 06 c7
0x00007ff9a2381af0:   00 de ff ff ff 33 c0 c3 4c 8b 11 48 89 44 24 38
0x00007ff9a2381b00:   49 ff a2 98 04 00 00 cc cc cc cc cc cc cc cc cc
0x00007ff9a2381b10:   48 85 c9 75 04 8d 41 da c3 48 8b 01 48 ff a0 88
0x00007ff9a2381b20:   00 00 00 cc cc cc cc cc cc cc cc cc cc cc cc cc
0x00007ff9a2381b30:   48 85 c9 75 04 8d 41 da c3 48 8b 01 48 ff a0 90
0x00007ff9a2381b40:   00 00 00 cc cc cc cc cc cc cc cc cc cc cc cc cc
0x00007ff9a2381b50:   48 85 c9 75 04 8d 41 de c3 4c 8b 11 49 ff a2 98
0x00007ff9a2381b60:   00 00 00 cc cc cc cc cc cc cc cc cc cc cc cc cc 


Stack slot to memory mapping:
stack at sp + 0 slots: 0x00007ff9a890402e points into unknown readable memory: 45 33
stack at sp + 1 slots: 0x000000ba1dd3eb28 is pointing into the stack for thread: 0x0000024f87e7b960
stack at sp + 2 slots: 0x00007ff9a8923ea0 points into unknown readable memory: 0x6e69747563657845 | 45 78 65 63 75 74 69 6e
stack at sp + 3 slots: 0x000000ba1dd3eb00 is pointing into the stack for thread: 0x0000024f87e7b960
stack at sp + 4 slots: 0x000000000000000c is an unknown value
stack at sp + 5 slots: 0x000000ba1dd3ead0 is pointing into the stack for thread: 0x0000024f87e7b960
stack at sp + 6 slots: 0x0000024f87e7b960 is a thread
stack at sp + 7 slots: 0x0000000800000000 is pointing into metadata


---------------  P R O C E S S  ---------------

Threads class SMR info:
_java_thread_list=0x0000024f8b9267a0, length=22, elements={
0x0000024fc71200f0, 0x0000024fec1987d0, 0x0000024fec19a6a0, 0x0000024fecc07880,
0x0000024fecc0b2a0, 0x0000024fecc0bca0, 0x0000024fecc0c6a0, 0x0000024fecc10ce0,
0x0000024fecc1bb40, 0x0000024fecc28980, 0x0000024fec179040, 0x0000024fed0d75a0,
0x0000024fed5c0be0, 0x0000024fed84d550, 0x0000024fed67e020, 0x0000024feda1c340,
0x0000024feda1bdf0, 0x0000024feda1cde0, 0x0000024f87e7c950, 0x0000024f87e7b960,
0x0000024f87e7d3f0, 0x0000024f87e76f00
}

Java Threads: ( => current thread )
  0x0000024fc71200f0 JavaThread "main" [_thread_blocked, id=4324, stack(0x000000ba1a800000,0x000000ba1a900000)]
  0x0000024fec1987d0 JavaThread "Reference Handler" daemon [_thread_blocked, id=17704, stack(0x000000ba1af00000,0x000000ba1b000000)]
  0x0000024fec19a6a0 JavaThread "Finalizer" daemon [_thread_blocked, id=25016, stack(0x000000ba1b000000,0x000000ba1b100000)]
  0x0000024fecc07880 JavaThread "Signal Dispatcher" daemon [_thread_blocked, id=14636, stack(0x000000ba1b100000,0x000000ba1b200000)]
  0x0000024fecc0b2a0 JavaThread "Attach Listener" daemon [_thread_blocked, id=26268, stack(0x000000ba1b200000,0x000000ba1b300000)]
  0x0000024fecc0bca0 JavaThread "Service Thread" daemon [_thread_blocked, id=20860, stack(0x000000ba1b300000,0x000000ba1b400000)]
  0x0000024fecc0c6a0 JavaThread "Monitor Deflation Thread" daemon [_thread_blocked, id=21080, stack(0x000000ba1b400000,0x000000ba1b500000)]
  0x0000024fecc10ce0 JavaThread "C2 CompilerThread0" daemon [_thread_blocked, id=24436, stack(0x000000ba1b500000,0x000000ba1b600000)]
  0x0000024fecc1bb40 JavaThread "C1 CompilerThread0" daemon [_thread_blocked, id=20384, stack(0x000000ba1b600000,0x000000ba1b700000)]
  0x0000024fecc28980 JavaThread "Sweeper thread" daemon [_thread_blocked, id=11472, stack(0x000000ba1b700000,0x000000ba1b800000)]
  0x0000024fec179040 JavaThread "Common-Cleaner" daemon [_thread_blocked, id=17468, stack(0x000000ba1b800000,0x000000ba1b900000)]
  0x0000024fed0d75a0 JavaThread "Notification Thread" daemon [_thread_blocked, id=18620, stack(0x000000ba1bb00000,0x000000ba1bc00000)]
  0x0000024fed5c0be0 JavaThread "QuantumRenderer-0" daemon [_thread_blocked, id=1868, stack(0x000000ba1ba00000,0x000000ba1bb00000)]
  0x0000024fed84d550 JavaThread "InvokeLaterDispatcher" daemon [_thread_blocked, id=11024, stack(0x000000ba1be00000,0x000000ba1bf00000)]
  0x0000024fed67e020 JavaThread "JavaFX Application Thread" [_thread_blocked, id=8440, stack(0x000000ba1bf00000,0x000000ba1c000000)]
  0x0000024feda1c340 JavaThread "Thread-1" daemon [_thread_in_native, id=12572, stack(0x000000ba1b900000,0x000000ba1ba00000)]
  0x0000024feda1bdf0 JavaThread "JavaFX-Launcher" [_thread_blocked, id=5592, stack(0x000000ba1c100000,0x000000ba1c200000)]
  0x0000024feda1cde0 JavaThread "Prism Font Disposer" daemon [_thread_blocked, id=23848, stack(0x000000ba1d400000,0x000000ba1d500000)]
  0x0000024f87e7c950 JavaThread "Cleaner-0" daemon [_thread_blocked, id=2740, stack(0x000000ba1d900000,0x000000ba1da00000)]
=>0x0000024f87e7b960 JavaThread "pool-2-thread-1" [_thread_in_native, id=19544, stack(0x000000ba1dc40000,0x000000ba1dd40000)]
  0x0000024f87e7d3f0 JavaThread "pool-2-thread-2" [_thread_in_native, id=8956, stack(0x000000ba1df40000,0x000000ba1e040000)]
  0x0000024f87e76f00 JavaThread "Java2D Disposer" daemon [_thread_blocked, id=23568, stack(0x000000ba1ee40000,0x000000ba1ef40000)]

Other Threads:
  0x0000024fec193b80 VMThread "VM Thread" [stack: 0x000000ba1ae00000,0x000000ba1af00000] [id=6908] _threads_hazard_ptr=0x0000024f8b9267a0
  0x0000024fc7172020 GCTaskThread "GC Thread#0" [stack: 0x000000ba1a900000,0x000000ba1aa00000] [id=23340]
  0x0000024fedcd1d90 GCTaskThread "GC Thread#1" [stack: 0x000000ba1c200000,0x000000ba1c300000] [id=24824]
  0x0000024fedcd26c0 GCTaskThread "GC Thread#2" [stack: 0x000000ba1c300000,0x000000ba1c400000] [id=12484]
  0x0000024fedcd1a80 GCTaskThread "GC Thread#3" [stack: 0x000000ba1c400000,0x000000ba1c500000] [id=22548]
  0x0000024fedcd29d0 GCTaskThread "GC Thread#4" [stack: 0x000000ba1c500000,0x000000ba1c600000] [id=19240]
  0x0000024fedcd2ce0 GCTaskThread "GC Thread#5" [stack: 0x000000ba1c600000,0x000000ba1c700000] [id=15340]
  0x0000024fee5aaa20 GCTaskThread "GC Thread#6" [stack: 0x000000ba1d500000,0x000000ba1d600000] [id=10380]
  0x0000024fee5aa400 GCTaskThread "GC Thread#7" [stack: 0x000000ba1d600000,0x000000ba1d700000] [id=23912]
  0x0000024fee5a4200 GCTaskThread "GC Thread#8" [stack: 0x000000ba1d700000,0x000000ba1d800000] [id=320]
  0x0000024fee5a8870 GCTaskThread "GC Thread#9" [stack: 0x000000ba1d800000,0x000000ba1d900000] [id=22884]
  0x0000024fc7182fa0 ConcurrentGCThread "G1 Main Marker" terminated
  0x0000024fc71841b0 ConcurrentGCThread "G1 Conc#0" [stack: 0x000000ba1ab00000,0x000000ba1ac00000] [id=7608]
  0x0000024f8787c7d0 ConcurrentGCThread "G1 Conc#1" [stack: 0x000000ba1e840000,0x000000ba1e940000] [id=24096]
  0x0000024f87883610 ConcurrentGCThread "G1 Conc#2" [stack: 0x000000ba1e940000,0x000000ba1ea40000] [id=24432]
  0x0000024fc71be440 ConcurrentGCThread "G1 Refine#0" terminated
  0x0000024fecec4070 ConcurrentGCThread "G1 Refine#1" terminated
  0x0000024fecec50b0 ConcurrentGCThread "G1 Refine#2" terminated
  0x0000024fecec2cf0 ConcurrentGCThread "G1 Refine#3" terminated
  0x0000024fecec2670 ConcurrentGCThread "G1 Refine#4" terminated
  0x0000024fec045190 ConcurrentGCThread "G1 Service" terminated

Threads with active compile tasks:

VM state: at safepoint (normal execution)

VM Mutex/Monitor currently owned by a thread:  ([mutex/lock_event])
[0x0000024fc711d200] Threads_lock - owner thread: 0x0000024fec193b80
[0x0000024fc711def0] Heap_lock - owner thread: 0x0000024fed67e020

Heap address: 0x0000000700c00000, size: 4084 MB, Compressed Oops mode: Zero based, Oop shift amount: 3

CDS archive(s) mapped at: [0x0000000800000000-0x0000000800bb0000-0x0000000800bb0000), size 12255232, SharedBaseAddress: 0x0000000800000000, ArchiveRelocationMode: 0.
Compressed class space mapped at: 0x0000000800c00000-0x0000000840c00000, reserved size: 1073741824
Narrow klass base: 0x0000000800000000, Narrow klass shift: 3, Narrow klass range: 0x100000000

GC Precious Log:
 CPUs: 12 total, 12 available
 Memory: 16333M
 Large Page Support: Disabled
 NUMA Support: Disabled
 Compressed Oops: Enabled (Zero based)
 Heap Region Size: 2M
 Heap Min Capacity: 8M
 Heap Initial Capacity: 256M
 Heap Max Capacity: 4084M
 Pre-touch: Disabled
 Parallel Workers: 10
 Concurrent Workers: 3
 Concurrent Refinement Workers: 10
 Periodic GC: Disabled

Heap:
 garbage-first heap   total 1474560K, used 608631K [0x0000000700c00000, 0x0000000800000000)
  region size 2048K, 4 young (8192K), 1 survivors (2048K)
 Metaspace       used 23699K, committed 23936K, reserved 1073152K
  class space    used 3006K, committed 3136K, reserved 1048576K

Heap Regions: E=young(eden), S=young(survivor), O=old, HS=humongous(starts), HC=humongous(continues), CS=collection set, F=free, OA=open archive, CA=closed archive, TAMS=top-at-mark-start (previous, next)
|   0|0x0000000700c00000, 0x0000000700e00000, 0x0000000700e00000|100%| O|  |TAMS 0x0000000700e00000, 0x0000000700c00000| Untracked 
|   1|0x0000000700e00000, 0x0000000701000000, 0x0000000701000000|100%|HS|  |TAMS 0x0000000700e00000, 0x0000000700e00000| Complete 
|   2|0x0000000701000000, 0x0000000701200000, 0x0000000701200000|100%|HC|  |TAMS 0x0000000701000000, 0x0000000701000000| Complete 
|   3|0x0000000701200000, 0x0000000701400000, 0x0000000701400000|100%|HS|  |TAMS 0x0000000701200000, 0x0000000701200000| Complete 
|   4|0x0000000701400000, 0x0000000701600000, 0x0000000701600000|100%|HC|  |TAMS 0x0000000701400000, 0x0000000701400000| Complete 
|   5|0x0000000701600000, 0x0000000701800000, 0x0000000701800000|100%|HS|  |TAMS 0x0000000701600000, 0x0000000701600000| Complete 
|   6|0x0000000701800000, 0x0000000701a00000, 0x0000000701a00000|100%|HC|  |TAMS 0x0000000701800000, 0x0000000701800000| Complete 
|   7|0x0000000701a00000, 0x0000000701c00000, 0x0000000701c00000|100%|HS|  |TAMS 0x0000000701a00000, 0x0000000701a00000| Complete 
|   8|0x0000000701c00000, 0x0000000701e00000, 0x0000000701e00000|100%|HC|  |TAMS 0x0000000701c00000, 0x0000000701c00000| Complete 
|   9|0x0000000701e00000, 0x0000000702000000, 0x0000000702000000|100%|HS|  |TAMS 0x0000000702000000, 0x0000000701e00000| Complete 
|  10|0x0000000702000000, 0x0000000702200000, 0x0000000702200000|100%|HC|  |TAMS 0x0000000702200000, 0x0000000702000000| Complete 
|  11|0x0000000702200000, 0x0000000702400000, 0x0000000702400000|100%|HS|  |TAMS 0x0000000702400000, 0x0000000702200000| Complete 
|  12|0x0000000702400000, 0x0000000702600000, 0x0000000702600000|100%|HC|  |TAMS 0x0000000702600000, 0x0000000702400000| Complete 
|  13|0x0000000702600000, 0x0000000702800000, 0x0000000702800000|100%|HS|  |TAMS 0x0000000702800000, 0x0000000702600000| Complete 
|  14|0x0000000702800000, 0x0000000702a00000, 0x0000000702a00000|100%|HC|  |TAMS 0x0000000702a00000, 0x0000000702800000| Complete 
|  15|0x0000000702a00000, 0x0000000702c00000, 0x0000000702c00000|100%|HS|  |TAMS 0x0000000702c00000, 0x0000000702a00000| Complete 
|  16|0x0000000702c00000, 0x0000000702e00000, 0x0000000702e00000|100%|HS|  |TAMS 0x0000000702e00000, 0x0000000702c00000| Complete 
|  17|0x0000000702e00000, 0x0000000703000000, 0x0000000703000000|100%|HC|  |TAMS 0x0000000703000000, 0x0000000702e00000| Complete 
|  18|0x0000000703000000, 0x0000000703200000, 0x0000000703200000|100%|HS|  |TAMS 0x0000000703200000, 0x0000000703000000| Complete 
|  19|0x0000000703200000, 0x0000000703400000, 0x0000000703400000|100%|HC|  |TAMS 0x0000000703400000, 0x0000000703200000| Complete 
|  20|0x0000000703400000, 0x0000000703600000, 0x0000000703600000|100%|HS|  |TAMS 0x0000000703600000, 0x0000000703400000| Complete 
|  21|0x0000000703600000, 0x0000000703800000, 0x0000000703800000|100%|HC|  |TAMS 0x0000000703800000, 0x0000000703600000| Complete 
|  22|0x0000000703800000, 0x0000000703a00000, 0x0000000703a00000|100%|HS|  |TAMS 0x0000000703800000, 0x0000000703800000| Complete 
|  23|0x0000000703a00000, 0x0000000703c00000, 0x0000000703c00000|100%|HC|  |TAMS 0x0000000703a00000, 0x0000000703a00000| Complete 
|  24|0x0000000703c00000, 0x0000000703e00000, 0x0000000703e00000|100%|HS|  |TAMS 0x0000000703c00000, 0x0000000703c00000| Complete 
|  25|0x0000000703e00000, 0x0000000704000000, 0x0000000704000000|100%|HC|  |TAMS 0x0000000703e00000, 0x0000000703e00000| Complete 
|  26|0x0000000704000000, 0x0000000704001400, 0x0000000704200000|  0%| O|  |TAMS 0x0000000704001400, 0x0000000704000000| Untracked 
|  27|0x0000000704200000, 0x0000000704400000, 0x0000000704400000|100%| O|  |TAMS 0x0000000704400000, 0x0000000704200000| Untracked 
|  28|0x0000000704400000, 0x0000000704600000, 0x0000000704600000|100%| O|  |TAMS 0x0000000704600000, 0x0000000704400000| Untracked 
|  29|0x0000000704600000, 0x0000000704800000, 0x0000000704800000|100%|HS|  |TAMS 0x0000000704800000, 0x0000000704600000| Complete 
|  30|0x0000000704800000, 0x0000000704a00000, 0x0000000704a00000|100%|HC|  |TAMS 0x0000000704a00000, 0x0000000704800000| Complete 
|  31|0x0000000704a00000, 0x0000000704c00000, 0x0000000704c00000|100%|HS|  |TAMS 0x0000000704c00000, 0x0000000704a00000| Complete 
|  32|0x0000000704c00000, 0x0000000704e00000, 0x0000000704e00000|100%|HC|  |TAMS 0x0000000704e00000, 0x0000000704c00000| Complete 
|  33|0x0000000704e00000, 0x0000000705000000, 0x0000000705000000|100%|HS|  |TAMS 0x0000000705000000, 0x0000000704e00000| Complete 
|  34|0x0000000705000000, 0x0000000705200000, 0x0000000705200000|100%|HC|  |TAMS 0x0000000705200000, 0x0000000705000000| Complete 
|  35|0x0000000705200000, 0x0000000705400000, 0x0000000705400000|100%| O|  |TAMS 0x0000000705400000, 0x0000000705200000| Untracked 
|  36|0x0000000705400000, 0x0000000705600000, 0x0000000705600000|100%| O|  |TAMS 0x0000000705600000, 0x0000000705400000| Untracked 
|  37|0x0000000705600000, 0x0000000705800000, 0x0000000705800000|100%|HS|  |TAMS 0x0000000705800000, 0x0000000705600000| Complete 
|  38|0x0000000705800000, 0x0000000705a00000, 0x0000000705a00000|100%|HC|  |TAMS 0x0000000705a00000, 0x0000000705800000| Complete 
|  39|0x0000000705a00000, 0x0000000705c00000, 0x0000000705c00000|100%|HS|  |TAMS 0x0000000705a00000, 0x0000000705a00000| Complete 
|  40|0x0000000705c00000, 0x0000000705e00000, 0x0000000705e00000|100%|HC|  |TAMS 0x0000000705c00000, 0x0000000705c00000| Complete 
|  41|0x0000000705e00000, 0x0000000706000000, 0x0000000706000000|100%|HS|  |TAMS 0x0000000705e00000, 0x0000000705e00000| Complete 
|  42|0x0000000706000000, 0x0000000706200000, 0x0000000706200000|100%|HC|  |TAMS 0x0000000706000000, 0x0000000706000000| Complete 
|  43|0x0000000706200000, 0x0000000706400000, 0x0000000706400000|100%|HS|  |TAMS 0x0000000706400000, 0x0000000706200000| Complete 
|  44|0x0000000706400000, 0x0000000706600000, 0x0000000706600000|100%|HC|  |TAMS 0x0000000706600000, 0x0000000706400000| Complete 
|  45|0x0000000706600000, 0x0000000706800000, 0x0000000706800000|100%|HS|  |TAMS 0x0000000706800000, 0x0000000706600000| Complete 
|  46|0x0000000706800000, 0x0000000706a00000, 0x0000000706a00000|100%|HC|  |TAMS 0x0000000706a00000, 0x0000000706800000| Complete 
|  47|0x0000000706a00000, 0x0000000706c00000, 0x0000000706c00000|100%|HS|  |TAMS 0x0000000706c00000, 0x0000000706a00000| Complete 
|  48|0x0000000706c00000, 0x0000000706e00000, 0x0000000706e00000|100%|HC|  |TAMS 0x0000000706e00000, 0x0000000706c00000| Complete 
|  49|0x0000000706e00000, 0x0000000707000000, 0x0000000707000000|100%|HS|  |TAMS 0x0000000707000000, 0x0000000706e00000| Complete 
|  50|0x0000000707000000, 0x0000000707200000, 0x0000000707200000|100%|HC|  |TAMS 0x0000000707200000, 0x0000000707000000| Complete 
|  51|0x0000000707200000, 0x0000000707400000, 0x0000000707400000|100%|HS|  |TAMS 0x0000000707400000, 0x0000000707200000| Complete 
|  52|0x0000000707400000, 0x0000000707600000, 0x0000000707600000|100%|HC|  |TAMS 0x0000000707600000, 0x0000000707400000| Complete 
|  53|0x0000000707600000, 0x0000000707800000, 0x0000000707800000|100%|HS|  |TAMS 0x0000000707800000, 0x0000000707600000| Complete 
|  54|0x0000000707800000, 0x0000000707a00000, 0x0000000707a00000|100%|HC|  |TAMS 0x0000000707a00000, 0x0000000707800000| Complete 
|  55|0x0000000707a00000, 0x0000000707c00000, 0x0000000707c00000|100%|HS|  |TAMS 0x0000000707c00000, 0x0000000707a00000| Complete 
|  56|0x0000000707c00000, 0x0000000707e00000, 0x0000000707e00000|100%|HC|  |TAMS 0x0000000707e00000, 0x0000000707c00000| Complete 
|  57|0x0000000707e00000, 0x0000000708000000, 0x0000000708000000|100%|HS|  |TAMS 0x0000000708000000, 0x0000000707e00000| Complete 
|  58|0x0000000708000000, 0x0000000708200000, 0x0000000708200000|100%|HC|  |TAMS 0x0000000708200000, 0x0000000708000000| Complete 
|  59|0x0000000708200000, 0x0000000708400000, 0x0000000708400000|100%|HS|  |TAMS 0x0000000708400000, 0x0000000708200000| Complete 
|  60|0x0000000708400000, 0x0000000708600000, 0x0000000708600000|100%|HC|  |TAMS 0x0000000708600000, 0x0000000708400000| Complete 
|  61|0x0000000708600000, 0x0000000708800000, 0x0000000708800000|100%|HS|  |TAMS 0x0000000708800000, 0x0000000708600000| Complete 
|  62|0x0000000708800000, 0x0000000708a00000, 0x0000000708a00000|100%|HC|  |TAMS 0x0000000708a00000, 0x0000000708800000| Complete 
|  63|0x0000000708a00000, 0x0000000708c00000, 0x0000000708c00000|100%|HS|  |TAMS 0x0000000708c00000, 0x0000000708a00000| Complete 
|  64|0x0000000708c00000, 0x0000000708e00000, 0x0000000708e00000|100%|HC|  |TAMS 0x0000000708e00000, 0x0000000708c00000| Complete 
|  65|0x0000000708e00000, 0x0000000709000000, 0x0000000709000000|100%|HS|  |TAMS 0x0000000709000000, 0x0000000708e00000| Complete 
|  66|0x0000000709000000, 0x0000000709200000, 0x0000000709200000|100%|HC|  |TAMS 0x0000000709200000, 0x0000000709000000| Complete 
|  67|0x0000000709200000, 0x0000000709400000, 0x0000000709400000|100%|HS|  |TAMS 0x0000000709400000, 0x0000000709200000| Complete 
|  68|0x0000000709400000, 0x0000000709600000, 0x0000000709600000|100%|HC|  |TAMS 0x0000000709600000, 0x0000000709400000| Complete 
|  69|0x0000000709600000, 0x0000000709800000, 0x0000000709800000|100%|HS|  |TAMS 0x0000000709800000, 0x0000000709600000| Complete 
|  70|0x0000000709800000, 0x0000000709a00000, 0x0000000709a00000|100%|HC|  |TAMS 0x0000000709a00000, 0x0000000709800000| Complete 
|  71|0x0000000709a00000, 0x0000000709c00000, 0x0000000709c00000|100%|HS|  |TAMS 0x0000000709c00000, 0x0000000709a00000| Complete 
|  72|0x0000000709c00000, 0x0000000709e00000, 0x0000000709e00000|100%|HC|  |TAMS 0x0000000709e00000, 0x0000000709c00000| Complete 
|  73|0x0000000709e00000, 0x000000070a000000, 0x000000070a000000|100%|HS|  |TAMS 0x000000070a000000, 0x0000000709e00000| Complete 
|  74|0x000000070a000000, 0x000000070a200000, 0x000000070a200000|100%|HC|  |TAMS 0x000000070a200000, 0x000000070a000000| Complete 
|  75|0x000000070a200000, 0x000000070a400000, 0x000000070a400000|100%|HS|  |TAMS 0x000000070a400000, 0x000000070a200000| Complete 
|  76|0x000000070a400000, 0x000000070a600000, 0x000000070a600000|100%|HC|  |TAMS 0x000000070a600000, 0x000000070a400000| Complete 
|  77|0x000000070a600000, 0x000000070a800000, 0x000000070a800000|100%|HS|  |TAMS 0x000000070a800000, 0x000000070a600000| Complete 
|  78|0x000000070a800000, 0x000000070aa00000, 0x000000070aa00000|100%|HC|  |TAMS 0x000000070aa00000, 0x000000070a800000| Complete 
|  79|0x000000070aa00000, 0x000000070ac00000, 0x000000070ac00000|100%|HS|  |TAMS 0x000000070ac00000, 0x000000070aa00000| Complete 
|  80|0x000000070ac00000, 0x000000070ae00000, 0x000000070ae00000|100%|HC|  |TAMS 0x000000070ae00000, 0x000000070ac00000| Complete 
|  81|0x000000070ae00000, 0x000000070b000000, 0x000000070b000000|100%|HS|  |TAMS 0x000000070b000000, 0x000000070ae00000| Complete 
|  82|0x000000070b000000, 0x000000070b200000, 0x000000070b200000|100%|HC|  |TAMS 0x000000070b200000, 0x000000070b000000| Complete 
|  83|0x000000070b200000, 0x000000070b400000, 0x000000070b400000|100%|HS|  |TAMS 0x000000070b400000, 0x000000070b200000| Complete 
|  84|0x000000070b400000, 0x000000070b600000, 0x000000070b600000|100%|HC|  |TAMS 0x000000070b600000, 0x000000070b400000| Complete 
|  85|0x000000070b600000, 0x000000070b800000, 0x000000070b800000|100%|HS|  |TAMS 0x000000070b800000, 0x000000070b600000| Complete 
|  86|0x000000070b800000, 0x000000070ba00000, 0x000000070ba00000|100%|HC|  |TAMS 0x000000070ba00000, 0x000000070b800000| Complete 
|  87|0x000000070ba00000, 0x000000070bc00000, 0x000000070bc00000|100%|HS|  |TAMS 0x000000070bc00000, 0x000000070ba00000| Complete 
|  88|0x000000070bc00000, 0x000000070be00000, 0x000000070be00000|100%|HC|  |TAMS 0x000000070be00000, 0x000000070bc00000| Complete 
|  89|0x000000070be00000, 0x000000070c000000, 0x000000070c000000|100%|HS|  |TAMS 0x000000070c000000, 0x000000070be00000| Complete 
|  90|0x000000070c000000, 0x000000070c200000, 0x000000070c200000|100%|HC|  |TAMS 0x000000070c200000, 0x000000070c000000| Complete 
|  91|0x000000070c200000, 0x000000070c400000, 0x000000070c400000|100%|HS|  |TAMS 0x000000070c400000, 0x000000070c200000| Complete 
|  92|0x000000070c400000, 0x000000070c600000, 0x000000070c600000|100%|HC|  |TAMS 0x000000070c600000, 0x000000070c400000| Complete 
|  93|0x000000070c600000, 0x000000070c800000, 0x000000070c800000|100%|HS|  |TAMS 0x000000070c800000, 0x000000070c600000| Complete 
|  94|0x000000070c800000, 0x000000070ca00000, 0x000000070ca00000|100%|HC|  |TAMS 0x000000070ca00000, 0x000000070c800000| Complete 
|  95|0x000000070ca00000, 0x000000070cc00000, 0x000000070cc00000|100%|HS|  |TAMS 0x000000070cc00000, 0x000000070ca00000| Complete 
|  96|0x000000070cc00000, 0x000000070ce00000, 0x000000070ce00000|100%|HC|  |TAMS 0x000000070ce00000, 0x000000070cc00000| Complete 
|  97|0x000000070ce00000, 0x000000070d000000, 0x000000070d000000|100%|HS|  |TAMS 0x000000070d000000, 0x000000070ce00000| Complete 
|  98|0x000000070d000000, 0x000000070d200000, 0x000000070d200000|100%|HC|  |TAMS 0x000000070d200000, 0x000000070d000000| Complete 
|  99|0x000000070d200000, 0x000000070d400000, 0x000000070d400000|100%|HS|  |TAMS 0x000000070d400000, 0x000000070d200000| Complete 
| 100|0x000000070d400000, 0x000000070d600000, 0x000000070d600000|100%|HC|  |TAMS 0x000000070d600000, 0x000000070d400000| Complete 
| 101|0x000000070d600000, 0x000000070d800000, 0x000000070d800000|100%|HS|  |TAMS 0x000000070d800000, 0x000000070d600000| Complete 
| 102|0x000000070d800000, 0x000000070da00000, 0x000000070da00000|100%|HC|  |TAMS 0x000000070da00000, 0x000000070d800000| Complete 
| 103|0x000000070da00000, 0x000000070dc00000, 0x000000070dc00000|100%|HS|  |TAMS 0x000000070dc00000, 0x000000070da00000| Complete 
| 104|0x000000070dc00000, 0x000000070de00000, 0x000000070de00000|100%|HC|  |TAMS 0x000000070de00000, 0x000000070dc00000| Complete 
| 105|0x000000070de00000, 0x000000070e000000, 0x000000070e000000|100%|HS|  |TAMS 0x000000070e000000, 0x000000070de00000| Complete 
| 106|0x000000070e000000, 0x000000070e200000, 0x000000070e200000|100%|HC|  |TAMS 0x000000070e200000, 0x000000070e000000| Complete 
| 107|0x000000070e200000, 0x000000070e400000, 0x000000070e400000|100%|HS|  |TAMS 0x000000070e400000, 0x000000070e200000| Complete 
| 108|0x000000070e400000, 0x000000070e600000, 0x000000070e600000|100%|HC|  |TAMS 0x000000070e600000, 0x000000070e400000| Complete 
| 109|0x000000070e600000, 0x000000070e800000, 0x000000070e800000|100%|HS|  |TAMS 0x000000070e800000, 0x000000070e600000| Complete 
| 110|0x000000070e800000, 0x000000070ea00000, 0x000000070ea00000|100%|HC|  |TAMS 0x000000070ea00000, 0x000000070e800000| Complete 
| 111|0x000000070ea00000, 0x000000070ec00000, 0x000000070ec00000|100%|HS|  |TAMS 0x000000070ec00000, 0x000000070ea00000| Complete 
| 112|0x000000070ec00000, 0x000000070ee00000, 0x000000070ee00000|100%|HC|  |TAMS 0x000000070ee00000, 0x000000070ec00000| Complete 
| 113|0x000000070ee00000, 0x000000070f000000, 0x000000070f000000|100%|HS|  |TAMS 0x000000070f000000, 0x000000070ee00000| Complete 
| 114|0x000000070f000000, 0x000000070f200000, 0x000000070f200000|100%|HC|  |TAMS 0x000000070f200000, 0x000000070f000000| Complete 
| 115|0x000000070f200000, 0x000000070f400000, 0x000000070f400000|100%|HS|  |TAMS 0x000000070f200000, 0x000000070f200000| Complete 
| 116|0x000000070f400000, 0x000000070f600000, 0x000000070f600000|100%|HC|  |TAMS 0x000000070f400000, 0x000000070f400000| Complete 
| 117|0x000000070f600000, 0x000000070f800000, 0x000000070f800000|100%|HS|  |TAMS 0x000000070f600000, 0x000000070f600000| Complete 
| 118|0x000000070f800000, 0x000000070fa00000, 0x000000070fa00000|100%|HC|  |TAMS 0x000000070f800000, 0x000000070f800000| Complete 
| 119|0x000000070fa00000, 0x000000070fc00000, 0x000000070fc00000|100%|HS|  |TAMS 0x000000070fa00000, 0x000000070fa00000| Complete 
| 120|0x000000070fc00000, 0x000000070fe00000, 0x000000070fe00000|100%|HC|  |TAMS 0x000000070fc00000, 0x000000070fc00000| Complete 
| 121|0x000000070fe00000, 0x0000000710000000, 0x0000000710000000|100%|HS|  |TAMS 0x000000070fe00000, 0x000000070fe00000| Complete 
| 122|0x0000000710000000, 0x0000000710200000, 0x0000000710200000|100%|HC|  |TAMS 0x0000000710000000, 0x0000000710000000| Complete 
| 123|0x0000000710200000, 0x0000000710400000, 0x0000000710400000|100%|HS|  |TAMS 0x0000000710400000, 0x0000000710200000| Complete 
| 124|0x0000000710400000, 0x0000000710600000, 0x0000000710600000|100%|HC|  |TAMS 0x0000000710600000, 0x0000000710400000| Complete 
| 125|0x0000000710600000, 0x0000000710800000, 0x0000000710800000|100%|HS|  |TAMS 0x0000000710800000, 0x0000000710600000| Complete 
| 126|0x0000000710800000, 0x0000000710a00000, 0x0000000710a00000|100%|HC|  |TAMS 0x0000000710a00000, 0x0000000710800000| Complete 
| 127|0x0000000710a00000, 0x0000000710c00000, 0x0000000710c00000|100%|HS|  |TAMS 0x0000000710a00000, 0x0000000710a00000| Complete 
| 128|0x0000000710c00000, 0x0000000710e00000, 0x0000000710e00000|100%|HC|  |TAMS 0x0000000710c00000, 0x0000000710c00000| Complete 
| 129|0x0000000710e00000, 0x0000000711000000, 0x0000000711000000|100%|HS|  |TAMS 0x0000000710e00000, 0x0000000710e00000| Complete 
| 130|0x0000000711000000, 0x0000000711200000, 0x0000000711200000|100%|HC|  |TAMS 0x0000000711000000, 0x0000000711000000| Complete 
| 131|0x0000000711200000, 0x0000000711400000, 0x0000000711400000|100%|HS|  |TAMS 0x0000000711200000, 0x0000000711200000| Complete 
| 132|0x0000000711400000, 0x0000000711600000, 0x0000000711600000|100%|HC|  |TAMS 0x0000000711400000, 0x0000000711400000| Complete 
| 133|0x0000000711600000, 0x0000000711800000, 0x0000000711800000|100%|HS|  |TAMS 0x0000000711600000, 0x0000000711600000| Complete 
| 134|0x0000000711800000, 0x0000000711a00000, 0x0000000711a00000|100%|HC|  |TAMS 0x0000000711800000, 0x0000000711800000| Complete 
| 135|0x0000000711a00000, 0x0000000711a00000, 0x0000000711c00000|  0%| F|  |TAMS 0x0000000711a00000, 0x0000000711a00000| Untracked 
| 136|0x0000000711c00000, 0x0000000711e00000, 0x0000000711e00000|100%|HS|  |TAMS 0x0000000711e00000, 0x0000000711c00000| Complete 
| 137|0x0000000711e00000, 0x0000000712000000, 0x0000000712000000|100%|HC|  |TAMS 0x0000000712000000, 0x0000000711e00000| Complete 
| 138|0x0000000712000000, 0x0000000712200000, 0x0000000712200000|100%|HS|  |TAMS 0x0000000712200000, 0x0000000712000000| Complete 
| 139|0x0000000712200000, 0x0000000712400000, 0x0000000712400000|100%|HC|  |TAMS 0x0000000712400000, 0x0000000712200000| Complete 
| 140|0x0000000712400000, 0x0000000712600000, 0x0000000712600000|100%|HS|  |TAMS 0x0000000712600000, 0x0000000712400000| Complete 
| 141|0x0000000712600000, 0x0000000712800000, 0x0000000712800000|100%|HC|  |TAMS 0x0000000712800000, 0x0000000712600000| Complete 
| 142|0x0000000712800000, 0x0000000712a00000, 0x0000000712a00000|100%|HS|  |TAMS 0x0000000712a00000, 0x0000000712800000| Complete 
| 143|0x0000000712a00000, 0x0000000712c00000, 0x0000000712c00000|100%|HC|  |TAMS 0x0000000712c00000, 0x0000000712a00000| Complete 
| 144|0x0000000712c00000, 0x0000000712e00000, 0x0000000712e00000|100%|HS|  |TAMS 0x0000000712e00000, 0x0000000712c00000| Complete 
| 145|0x0000000712e00000, 0x0000000713000000, 0x0000000713000000|100%|HC|  |TAMS 0x0000000713000000, 0x0000000712e00000| Complete 
| 146|0x0000000713000000, 0x0000000713200000, 0x0000000713200000|100%|HS|  |TAMS 0x0000000713200000, 0x0000000713000000| Complete 
| 147|0x0000000713200000, 0x0000000713400000, 0x0000000713400000|100%|HC|  |TAMS 0x0000000713400000, 0x0000000713200000| Complete 
| 148|0x0000000713400000, 0x0000000713600000, 0x0000000713600000|100%|HS|  |TAMS 0x0000000713600000, 0x0000000713400000| Complete 
| 149|0x0000000713600000, 0x0000000713800000, 0x0000000713800000|100%|HC|  |TAMS 0x0000000713800000, 0x0000000713600000| Complete 
| 150|0x0000000713800000, 0x0000000713a00000, 0x0000000713a00000|100%|HS|  |TAMS 0x0000000713a00000, 0x0000000713800000| Complete 
| 151|0x0000000713a00000, 0x0000000713c00000, 0x0000000713c00000|100%|HC|  |TAMS 0x0000000713c00000, 0x0000000713a00000| Complete 
| 152|0x0000000713c00000, 0x0000000713e00000, 0x0000000713e00000|100%|HS|  |TAMS 0x0000000713e00000, 0x0000000713c00000| Complete 
| 153|0x0000000713e00000, 0x0000000714000000, 0x0000000714000000|100%|HC|  |TAMS 0x0000000714000000, 0x0000000713e00000| Complete 
| 154|0x0000000714000000, 0x0000000714200000, 0x0000000714200000|100%|HS|  